生成启动时间为 2013/12/30 10:38:37。
     1>项目“F:\work\gjdx\project\win32\gjdx_ss7\gjdx_ss7.vcxproj”在节点 2 上(build 个目标)。
     1>InitializeBuildStatus:
         正在创建“Debug\gjdx_ss7.unsuccessfulbuild”，因为已指定“AlwaysCreate”。
       ClCompile:
         C:\Program Files (x86)\Microsoft Visual Studio 10.0\VC\bin\CL.exe /c /ID:\WORK\Poco\Foundation\include /ZI /nologo /W3 /WX- /Od /Oy- /D WIN32 /D _DEBUG /D _CONSOLE /D _UNICODE /D UNICODE /Gm /EHsc /RTC1 /MDd /GS /fp:precise /Zc:wchar_t /Zc:forScope /Fo"Debug\\" /Fd"Debug\vc100.pdb" /Gd /TP /analyze- /errorReport:prompt ..\..\..\src\main\gjdx_ss7\gjdx_ss7.cpp
         gjdx_ss7.cpp
       ManifestResourceCompile:
         所有输出均为最新。
       Link:
         C:\Program Files (x86)\Microsoft Visual Studio 10.0\VC\bin\link.exe /ERRORREPORT:PROMPT /OUT:"F:\work\gjdx\Debug\gjdx_ss7.exe" /INCREMENTAL /NOLOGO /LIBPATH:D:\WORK\Poco\lib kernel32.lib user32.lib gdi32.lib winspool.lib comdlg32.lib advapi32.lib shell32.lib ole32.lib oleaut32.lib uuid.lib odbc32.lib odbccp32.lib /MANIFEST /ManifestFile:"Debug\gjdx_ss7.exe.intermediate.manifest" /MANIFESTUAC:"level='asInvoker' uiAccess='false'" /DEBUG /PDB:"F:\work\gjdx\Debug\gjdx_ss7.pdb" /SUBSYSTEM:CONSOLE /TLBID:1 /DYNAMICBASE /NXCOMPAT /IMPLIB:"F:\work\gjdx\Debug\gjdx_ss7.lib" /MACHINE:X86 Debug\gjdx_ss7.exe.embed.manifest.res
         Debug\CdrFilterTask.obj
         Debug\CheckUserListTask.obj
         Debug\gjdx_ss7.obj
         Debug\usermap.obj
       Manifest:
         C:\Program Files (x86)\Microsoft SDKs\Windows\v7.0A\bin\mt.exe /nologo /verbose /out:"Debug\gjdx_ss7.exe.embed.manifest" /manifest Debug\gjdx_ss7.exe.intermediate.manifest
         所有输出均为最新。
       LinkEmbedManifest:
         所有输出均为最新。
         gjdx_ss7.vcxproj -> F:\work\gjdx\Debug\gjdx_ss7.exe
       FinalizeBuildStatus:
         正在删除文件“Debug\gjdx_ss7.unsuccessfulbuild”。
         正在对“Debug\gjdx_ss7.lastbuildstate”执行 Touch 任务。
     1>已完成生成项目“F:\work\gjdx\project\win32\gjdx_ss7\gjdx_ss7.vcxproj”(build 个目标)的操作。

生成成功。

已用时间 00:00:02.16
